# JRE version: OpenJDK Runtime Environment Temurin-17.0.10+7 (17.0.10+7) (build 17.0.10+7)
# Java VM: OpenJDK 64-Bit Server VM Temurin-17.0.10+7 (17.0.10+7, mixed mode, tiered, compressed oops, compressed class ptrs, parallel gc, windows-amd64)
GC Precious Log:
 CPUs: 32 total, 32 available
 Memory: 127G
 Large Page Support: Disabled
 NUMA Support: Disabled
 Compressed Oops: Enabled (32-bit)
 Alignments: Space 512K, Generation 512K, Heap 2M
 Heap Min Capacity: 100M
 Heap Initial Capacity: 100M
 Heap Max Capacity: 1G
 Pre-touch: Disabled
 Parallel Workers: 23
Heap:
 PSYoungGen      total 75264K, used 49979K [0x00000000eab00000, 0x00000000efb00000, 0x0000000100000000)
  eden space 73728K, 65% used [0x00000000eab00000,0x00000000eda4eff8,0x00000000ef300000)
  from space 1536K, 100% used [0x00000000ef600000,0x00000000ef780000,0x00000000ef780000)
  to   space 3584K, 0% used [0x00000000ef780000,0x00000000ef780000,0x00000000efb00000)
 ParOldGen       total 154624K, used 126357K [0x00000000c0000000, 0x00000000c9700000, 0x00000000eab00000)
  object space 154624K, 81% used [0x00000000c0000000,0x00000000c7b65670,0x00000000c9700000)
 Metaspace       used 70800K, committed 72192K, reserved 1114112K
  class space    used 7474K, committed 8128K, reserved 1048576K
GC Heap History (20 events):
Event: 8.152 GC heap before
{Heap before GC invocations=235 (full 9):
 PSYoungGen      total 66048K, used 66048K [0x00000000eab00000, 0x00000000ef480000, 0x0000000100000000)
  eden space 65024K, 100% used [0x00000000eab00000,0x00000000eea80000,0x00000000eea80000)
  from space 1024K, 100% used [0x00000000eea80000,0x00000000eeb80000,0x00000000eeb80000)
  to   space 2048K, 0% used [0x00000000ef280000,0x00000000ef280000,0x00000000ef480000)
 ParOldGen       total 150528K, used 147196K [0x00000000c0000000, 0x00000000c9300000, 0x00000000eab00000)
  object space 150528K, 97% used [0x00000000c0000000,0x00000000c8fbf090,0x00000000c9300000)
 Metaspace       used 70711K, committed 72128K, reserved 1114112K
  class space    used 7474K, committed 8128K, reserved 1048576K
}
Event: 8.153 GC heap after
{Heap after GC invocations=235 (full 9):
 PSYoungGen      total 73216K, used 1562K [0x00000000eab00000, 0x00000000ef580000, 0x0000000100000000)
  eden space 71168K, 0% used [0x00000000eab00000,0x00000000eab00000,0x00000000ef080000)
  from space 2048K, 76% used [0x00000000ef280000,0x00000000ef406900,0x00000000ef480000)
  to   space 2048K, 0% used [0x00000000ef080000,0x00000000ef080000,0x00000000ef280000)
 ParOldGen       total 150528K, used 147943K [0x00000000c0000000, 0x00000000c9300000, 0x00000000eab00000)
  object space 150528K, 98% used [0x00000000c0000000,0x00000000c9079d90,0x00000000c9300000)
 Metaspace       used 70711K, committed 72128K, reserved 1114112K
  class space    used 7474K, committed 8128K, reserved 1048576K
}
Event: 8.163 GC heap before
{Heap before GC invocations=236 (full 9):
 PSYoungGen      total 73216K, used 72730K [0x00000000eab00000, 0x00000000ef580000, 0x0000000100000000)
  eden space 71168K, 100% used [0x00000000eab00000,0x00000000ef080000,0x00000000ef080000)
  from space 2048K, 76% used [0x00000000ef280000,0x00000000ef406900,0x00000000ef480000)
  to   space 2048K, 0% used [0x00000000ef080000,0x00000000ef080000,0x00000000ef280000)
 ParOldGen       total 150528K, used 147943K [0x00000000c0000000, 0x00000000c9300000, 0x00000000eab00000)
  object space 150528K, 98% used [0x00000000c0000000,0x00000000c9079d90,0x00000000c9300000)
 Metaspace       used 70712K, committed 72128K, reserved 1114112K
  class space    used 7474K, committed 8128K, reserved 1048576K
}
Event: 8.164 GC heap after
{Heap after GC invocations=236 (full 9):
 PSYoungGen      total 71168K, used 2005K [0x00000000eab00000, 0x00000000ef380000, 0x0000000100000000)
  eden space 69120K, 0% used [0x00000000eab00000,0x00000000eab00000,0x00000000eee80000)
  from space 2048K, 97% used [0x00000000ef080000,0x00000000ef275500,0x00000000ef280000)
  to   space 1024K, 0% used [0x00000000ef280000,0x00000000ef280000,0x00000000ef380000)
 ParOldGen       total 150528K, used 149152K [0x00000000c0000000, 0x00000000c9300000, 0x00000000eab00000)
  object space 150528K, 99% used [0x00000000c0000000,0x00000000c91a8190,0x00000000c9300000)
 Metaspace       used 70712K, committed 72128K, reserved 1114112K
  class space    used 7474K, committed 8128K, reserved 1048576K
}
Event: 8.170 GC heap before
{Heap before GC invocations=237 (full 9):
 PSYoungGen      total 71168K, used 71125K [0x00000000eab00000, 0x00000000ef380000, 0x0000000100000000)
  eden space 69120K, 100% used [0x00000000eab00000,0x00000000eee80000,0x00000000eee80000)
  from space 2048K, 97% used [0x00000000ef080000,0x00000000ef275500,0x00000000ef280000)
  to   space 1024K, 0% used [0x00000000ef280000,0x00000000ef280000,0x00000000ef380000)
 ParOldGen       total 150528K, used 149152K [0x00000000c0000000, 0x00000000c9300000, 0x00000000eab00000)
  object space 150528K, 99% used [0x00000000c0000000,0x00000000c91a8190,0x00000000c9300000)
 Metaspace       used 70714K, committed 72128K, reserved 1114112K
  class space    used 7474K, committed 8128K, reserved 1048576K
}
Event: 8.171 GC heap after
{Heap after GC invocations=237 (full 9):
 PSYoungGen      total 71168K, used 1018K [0x00000000eab00000, 0x00000000efc00000, 0x0000000100000000)
  eden space 70144K, 0% used [0x00000000eab00000,0x00000000eab00000,0x00000000eef80000)
  from space 1024K, 99% used [0x00000000ef280000,0x00000000ef37e900,0x00000000ef380000)
  to   space 3072K, 0% used [0x00000000eef80000,0x00000000eef80000,0x00000000ef280000)
 ParOldGen       total 151040K, used 150987K [0x00000000c0000000, 0x00000000c9380000, 0x00000000eab00000)
  object space 151040K, 99% used [0x00000000c0000000,0x00000000c9372f90,0x00000000c9380000)
 Metaspace       used 70714K, committed 72128K, reserved 1114112K
  class space    used 7474K, committed 8128K, reserved 1048576K
}
Event: 8.171 GC heap before
{Heap before GC invocations=238 (full 10):
 PSYoungGen      total 71168K, used 1018K [0x00000000eab00000, 0x00000000efc00000, 0x0000000100000000)
  eden space 70144K, 0% used [0x00000000eab00000,0x00000000eab00000,0x00000000eef80000)
  from space 1024K, 99% used [0x00000000ef280000,0x00000000ef37e900,0x00000000ef380000)
  to   space 3072K, 0% used [0x00000000eef80000,0x00000000eef80000,0x00000000ef280000)
 ParOldGen       total 151040K, used 150987K [0x00000000c0000000, 0x00000000c9380000, 0x00000000eab00000)
  object space 151040K, 99% used [0x00000000c0000000,0x00000000c9372f90,0x00000000c9380000)
 Metaspace       used 70714K, committed 72128K, reserved 1114112K
  class space    used 7474K, committed 8128K, reserved 1048576K
}
Event: 8.210 GC heap after
{Heap after GC invocations=238 (full 10):
 PSYoungGen      total 68608K, used 0K [0x00000000eab00000, 0x00000000ef380000, 0x0000000100000000)
  eden space 68096K, 0% used [0x00000000eab00000,0x00000000eab00000,0x00000000eed80000)
  from space 512K, 0% used [0x00000000eef80000,0x00000000eef80000,0x00000000ef000000)
  to   space 3072K, 0% used [0x00000000ef080000,0x00000000ef080000,0x00000000ef380000)
 ParOldGen       total 154624K, used 117569K [0x00000000c0000000, 0x00000000c9700000, 0x00000000eab00000)
  object space 154624K, 76% used [0x00000000c0000000,0x00000000c72d0660,0x00000000c9700000)
 Metaspace       used 70714K, committed 72128K, reserved 1114112K
  class space    used 7474K, committed 8128K, reserved 1048576K
}
Event: 8.216 GC heap before
{Heap before GC invocations=239 (full 10):
 PSYoungGen      total 68608K, used 68096K [0x00000000eab00000, 0x00000000ef380000, 0x0000000100000000)
  eden space 68096K, 100% used [0x00000000eab00000,0x00000000eed80000,0x00000000eed80000)
  from space 512K, 0% used [0x00000000eef80000,0x00000000eef80000,0x00000000ef000000)
  to   space 3072K, 0% used [0x00000000ef080000,0x00000000ef080000,0x00000000ef380000)
 ParOldGen       total 154624K, used 117569K [0x00000000c0000000, 0x00000000c9700000, 0x00000000eab00000)
  object space 154624K, 76% used [0x00000000c0000000,0x00000000c72d0660,0x00000000c9700000)
 Metaspace       used 70715K, committed 72128K, reserved 1114112K
  class space    used 7474K, committed 8128K, reserved 1048576K
}
Event: 8.217 GC heap after
{Heap after GC invocations=239 (full 10):
 PSYoungGen      total 67584K, used 1504K [0x00000000eab00000, 0x00000000ef200000, 0x0000000100000000)
  eden space 66048K, 0% used [0x00000000eab00000,0x00000000eab00000,0x00000000eeb80000)
  from space 1536K, 97% used [0x00000000ef080000,0x00000000ef1f8000,0x00000000ef200000)
  to   space 2048K, 0% used [0x00000000eee00000,0x00000000eee00000,0x00000000ef000000)
 ParOldGen       total 154624K, used 117569K [0x00000000c0000000, 0x00000000c9700000, 0x00000000eab00000)
  object space 154624K, 76% used [0x00000000c0000000,0x00000000c72d0660,0x00000000c9700000)
 Metaspace       used 70715K, committed 72128K, reserved 1114112K
  class space    used 7474K, committed 8128K, reserved 1048576K
}
Event: 8.223 GC heap before
{Heap before GC invocations=240 (full 10):
 PSYoungGen      total 67584K, used 67552K [0x00000000eab00000, 0x00000000ef200000, 0x0000000100000000)
  eden space 66048K, 100% used [0x00000000eab00000,0x00000000eeb80000,0x00000000eeb80000)
  from space 1536K, 97% used [0x00000000ef080000,0x00000000ef1f8000,0x00000000ef200000)
  to   space 2048K, 0% used [0x00000000eee00000,0x00000000eee00000,0x00000000ef000000)
 ParOldGen       total 154624K, used 117569K [0x00000000c0000000, 0x00000000c9700000, 0x00000000eab00000)
  object space 154624K, 76% used [0x00000000c0000000,0x00000000c72d0660,0x00000000c9700000)
 Metaspace       used 70715K, committed 72128K, reserved 1114112K
  class space    used 7474K, committed 8128K, reserved 1048576K
}
Event: 8.224 GC heap after
{Heap after GC invocations=240 (full 10):
 PSYoungGen      total 65536K, used 1376K [0x00000000eab00000, 0x00000000ef100000, 0x0000000100000000)
  eden space 64000K, 0% used [0x00000000eab00000,0x00000000eab00000,0x00000000ee980000)
  from space 1536K, 89% used [0x00000000eee00000,0x00000000eef58000,0x00000000eef80000)
  to   space 1536K, 0% used [0x00000000eef80000,0x00000000eef80000,0x00000000ef100000)
 ParOldGen       total 154624K, used 118681K [0x00000000c0000000, 0x00000000c9700000, 0x00000000eab00000)
  object space 154624K, 76% used [0x00000000c0000000,0x00000000c73e6660,0x00000000c9700000)
 Metaspace       used 70715K, committed 72128K, reserved 1114112K
  class space    used 7474K, committed 8128K, reserved 1048576K
}
Event: 8.229 GC heap before
{Heap before GC invocations=241 (full 10):
 PSYoungGen      total 65536K, used 65376K [0x00000000eab00000, 0x00000000ef100000, 0x0000000100000000)
  eden space 64000K, 100% used [0x00000000eab00000,0x00000000ee980000,0x00000000ee980000)
  from space 1536K, 89% used [0x00000000eee00000,0x00000000eef58000,0x00000000eef80000)
  to   space 1536K, 0% used [0x00000000eef80000,0x00000000eef80000,0x00000000ef100000)
 ParOldGen       total 154624K, used 118681K [0x00000000c0000000, 0x00000000c9700000, 0x00000000eab00000)
  object space 154624K, 76% used [0x00000000c0000000,0x00000000c73e6660,0x00000000c9700000)
 Metaspace       used 70730K, committed 72128K, reserved 1114112K
  class space    used 7474K, committed 8128K, reserved 1048576K
}
Event: 8.229 GC heap after
{Heap after GC invocations=241 (full 10):
 PSYoungGen      total 63488K, used 1344K [0x00000000eab00000, 0x00000000ef100000, 0x0000000100000000)
  eden space 61952K, 0% used [0x00000000eab00000,0x00000000eab00000,0x00000000ee780000)
  from space 1536K, 87% used [0x00000000eef80000,0x00000000ef0d0000,0x00000000ef100000)
  to   space 1536K, 0% used [0x00000000eee00000,0x00000000eee00000,0x00000000eef80000)
 ParOldGen       total 154624K, used 119777K [0x00000000c0000000, 0x00000000c9700000, 0x00000000eab00000)
  object space 154624K, 77% used [0x00000000c0000000,0x00000000c74f8660,0x00000000c9700000)
 Metaspace       used 70730K, committed 72128K, reserved 1114112K
  class space    used 7474K, committed 8128K, reserved 1048576K
}
Event: 8.235 GC heap before
{Heap before GC invocations=242 (full 10):
 PSYoungGen      total 63488K, used 63296K [0x00000000eab00000, 0x00000000ef100000, 0x0000000100000000)
  eden space 61952K, 100% used [0x00000000eab00000,0x00000000ee780000,0x00000000ee780000)
  from space 1536K, 87% used [0x00000000eef80000,0x00000000ef0d0000,0x00000000ef100000)
  to   space 1536K, 0% used [0x00000000eee00000,0x00000000eee00000,0x00000000eef80000)
 ParOldGen       total 154624K, used 119777K [0x00000000c0000000, 0x00000000c9700000, 0x00000000eab00000)
  object space 154624K, 77% used [0x00000000c0000000,0x00000000c74f8660,0x00000000c9700000)
 Metaspace       used 70730K, committed 72128K, reserved 1114112K
  class space    used 7474K, committed 8128K, reserved 1048576K
}
Event: 8.236 GC heap after
{Heap after GC invocations=242 (full 10):
 PSYoungGen      total 61952K, used 1408K [0x00000000eab00000, 0x00000000ef000000, 0x0000000100000000)
  eden space 60416K, 0% used [0x00000000eab00000,0x00000000eab00000,0x00000000ee600000)
  from space 1536K, 91% used [0x00000000eee00000,0x00000000eef60000,0x00000000eef80000)
  to   space 512K, 0% used [0x00000000eef80000,0x00000000eef80000,0x00000000ef000000)
 ParOldGen       total 154624K, used 120809K [0x00000000c0000000, 0x00000000c9700000, 0x00000000eab00000)
  object space 154624K, 78% used [0x00000000c0000000,0x00000000c75fa660,0x00000000c9700000)
 Metaspace       used 70730K, committed 72128K, reserved 1114112K
  class space    used 7474K, committed 8128K, reserved 1048576K
}
Event: 8.241 GC heap before
{Heap before GC invocations=243 (full 10):
 PSYoungGen      total 61952K, used 61824K [0x00000000eab00000, 0x00000000ef000000, 0x0000000100000000)
  eden space 60416K, 100% used [0x00000000eab00000,0x00000000ee600000,0x00000000ee600000)
  from space 1536K, 91% used [0x00000000eee00000,0x00000000eef60000,0x00000000eef80000)
  to   space 512K, 0% used [0x00000000eef80000,0x00000000eef80000,0x00000000ef000000)
 ParOldGen       total 154624K, used 120809K [0x00000000c0000000, 0x00000000c9700000, 0x00000000eab00000)
  object space 154624K, 78% used [0x00000000c0000000,0x00000000c75fa660,0x00000000c9700000)
 Metaspace       used 70731K, committed 72128K, reserved 1114112K
  class space    used 7474K, committed 8128K, reserved 1048576K
}
Event: 8.243 GC heap after
{Heap after GC invocations=243 (full 10):
 PSYoungGen      total 68096K, used 512K [0x00000000eab00000, 0x00000000ef280000, 0x0000000100000000)
  eden space 67584K, 0% used [0x00000000eab00000,0x00000000eab00000,0x00000000eed00000)
  from space 512K, 100% used [0x00000000eef80000,0x00000000ef000000,0x00000000ef000000)
  to   space 2560K, 0% used [0x00000000eed00000,0x00000000eed00000,0x00000000eef80000)
 ParOldGen       total 154624K, used 122593K [0x00000000c0000000, 0x00000000c9700000, 0x00000000eab00000)
  object space 154624K, 79% used [0x00000000c0000000,0x00000000c77b8660,0x00000000c9700000)
 Metaspace       used 70731K, committed 72128K, reserved 1114112K
  class space    used 7474K, committed 8128K, reserved 1048576K
}
Event: 8.248 GC heap before
{Heap before GC invocations=244 (full 10):
 PSYoungGen      total 68096K, used 68096K [0x00000000eab00000, 0x00000000ef280000, 0x0000000100000000)
  eden space 67584K, 100% used [0x00000000eab00000,0x00000000eed00000,0x00000000eed00000)
  from space 512K, 100% used [0x00000000eef80000,0x00000000ef000000,0x00000000ef000000)
  to   space 2560K, 0% used [0x00000000eed00000,0x00000000eed00000,0x00000000eef80000)
 ParOldGen       total 154624K, used 122593K [0x00000000c0000000, 0x00000000c9700000, 0x00000000eab00000)
  object space 154624K, 79% used [0x00000000c0000000,0x00000000c77b8660,0x00000000c9700000)
 Metaspace       used 70733K, committed 72128K, reserved 1114112K
  class space    used 7474K, committed 8128K, reserved 1048576K
}
Event: 8.250 GC heap after
{Heap after GC invocations=244 (full 10):
 PSYoungGen      total 70144K, used 1664K [0x00000000eab00000, 0x00000000ef980000, 0x0000000100000000)
  eden space 67584K, 0% used [0x00000000eab00000,0x00000000eab00000,0x00000000eed00000)
  from space 2560K, 65% used [0x00000000eed00000,0x00000000eeea0000,0x00000000eef80000)
  to   space 2048K, 0% used [0x00000000ef780000,0x00000000ef780000,0x00000000ef980000)
 ParOldGen       total 154624K, used 123117K [0x00000000c0000000, 0x00000000c9700000, 0x00000000eab00000)
  object space 154624K, 79% used [0x00000000c0000000,0x00000000c783b670,0x00000000c9700000)
 Metaspace       used 70733K, committed 72128K, reserved 1114112K
  class space    used 7474K, committed 8128K, reserved 1048576K
}

